TN:
SF:C:/Users/James/Desktop/Fast-Food-App/Fast-Food-App/server.js
FN:36,(anonymous_1)
FNF:1
FNH:0
FNDA:0,(anonymous_1)
DA:2,1
DA:3,1
DA:4,1
DA:5,1
DA:6,1
DA:7,1
DA:9,1
DA:10,1
DA:11,1
DA:12,1
DA:14,1
DA:16,1
DA:23,1
DA:24,1
DA:25,1
DA:26,1
DA:27,1
DA:28,1
DA:29,1
DA:30,1
DA:31,1
DA:32,1
DA:33,1
DA:36,1
DA:37,0
DA:41,1
DA:42,1
LF:27
LH:26
BRDA:14,0,0,1
BRDA:14,0,1,0
BRDA:41,1,0,1
BRDA:41,1,1,0
BRF:4
BRH:2
end_of_record
TN:
SF:C:/Users/James/Desktop/Fast-Food-App/Fast-Food-App/src/UsingDB/controller/Helper.js
FN:5,hashPassword
FN:5,comparePassword
FN:5,isValidEmail
FN:5,generateToken
FNF:4
FNH:0
FNDA:0,hashPassword
FNDA:0,comparePassword
FNDA:0,isValidEmail
FNDA:0,generateToken
DA:1,1
DA:2,1
DA:3,1
DA:5,1
DA:8,0
DA:12,0
DA:16,0
DA:20,0
DA:26,0
LF:9
LH:4
BRF:0
BRH:0
end_of_record
TN:
SF:C:/Users/James/Desktop/Fast-Food-App/Fast-Food-App/src/UsingDB/controller/Item.js
FN:4,(anonymous_7)
FN:4,_callee
FN:4,_callee2
FN:4,_callee3
FN:4,_callee4
FNF:5
FNH:1
FNDA:4,(anonymous_7)
FNDA:0,_callee
FNDA:0,_callee2
FNDA:0,_callee3
FNDA:0,_callee4
DA:1,1
DA:2,1
DA:4,8
DA:8,0
DA:12,0
DA:21,0
DA:30,0
DA:32,0
DA:41,0
DA:45,0
DA:55,0
DA:68,0
DA:74,0
DA:81,0
DA:89,0
LF:15
LH:3
BRDA:4,0,0,0
BRDA:4,0,1,0
BRDA:4,0,2,0
BRDA:4,0,3,0
BRDA:4,0,4,0
BRDA:4,1,0,0
BRDA:4,1,1,0
BRDA:4,1,2,0
BRDA:4,1,3,0
BRDA:4,1,4,0
BRDA:4,1,5,0
BRDA:4,1,6,0
BRDA:4,1,7,0
BRDA:4,1,8,0
BRDA:4,2,0,0
BRDA:4,2,1,0
BRDA:64,3,0,0
BRDA:64,3,1,0
BRDA:64,3,2,0
BRDA:81,4,0,0
BRDA:81,4,1,0
BRDA:82,5,0,0
BRDA:82,5,1,0
BRDA:83,6,0,0
BRDA:83,6,1,0
BRF:25
BRH:0
end_of_record
TN:
SF:C:/Users/James/Desktop/Fast-Food-App/Fast-Food-App/src/UsingDB/controller/Order.js
FN:4,(anonymous_7)
FN:4,_callee
FN:4,_callee2
FN:4,_callee3
FN:4,_callee4
FNF:5
FNH:1
FNDA:4,(anonymous_7)
FNDA:0,_callee
FNDA:0,_callee2
FNDA:0,_callee3
FNDA:0,_callee4
DA:1,1
DA:2,1
DA:4,8
DA:8,0
DA:12,0
DA:19,0
DA:22,0
DA:26,0
DA:30,0
DA:31,0
DA:41,0
DA:43,0
DA:51,0
DA:57,0
DA:65,0
DA:76,0
LF:16
LH:3
BRDA:4,0,0,0
BRDA:4,0,1,0
BRDA:4,0,2,0
BRDA:4,0,3,0
BRDA:4,0,4,0
BRDA:4,0,5,0
BRDA:4,0,6,0
BRDA:4,1,0,0
BRDA:4,1,1,0
BRDA:4,2,0,0
BRDA:4,2,1,0
BRDA:4,2,2,0
BRDA:4,2,3,0
BRDA:4,2,4,0
BRDA:4,3,0,0
BRDA:4,3,1,0
BRDA:4,3,2,0
BRDA:4,3,3,0
BRDA:4,3,4,0
BRDA:4,3,5,0
BRDA:4,3,6,0
BRDA:4,3,7,0
BRDA:72,4,0,0
BRDA:72,4,1,0
BRF:24
BRH:0
end_of_record
TN:
SF:C:/Users/James/Desktop/Fast-Food-App/Fast-Food-App/src/UsingDB/controller/Users.js
FN:5,(anonymous_7)
FN:5,_callee
FN:5,_callee2
FN:5,_callee3
FNF:4
FNH:1
FNDA:3,(anonymous_7)
FNDA:0,_callee
FNDA:0,_callee2
FNDA:0,_callee3
DA:1,1
DA:2,1
DA:3,1
DA:5,6
DA:16,0
DA:18,0
DA:23,0
DA:31,0
DA:32,0
DA:50,0
DA:52,0
DA:60,0
DA:61,0
DA:69,0
DA:74,0
LF:15
LH:4
BRDA:5,0,0,0
BRDA:5,0,1,0
BRDA:5,0,2,0
BRDA:5,0,3,0
BRDA:5,0,4,0
BRDA:5,0,5,0
BRDA:5,0,6,0
BRDA:5,0,7,0
BRDA:5,1,0,0
BRDA:5,1,1,0
BRDA:9,2,0,0
BRDA:9,2,1,0
BRDA:5,3,0,0
BRDA:5,3,1,0
BRDA:5,3,2,0
BRDA:5,3,3,0
BRDA:5,3,4,0
BRDA:5,3,5,0
BRDA:5,3,6,0
BRDA:5,3,7,0
BRDA:5,3,8,0
BRDA:44,4,0,0
BRDA:44,4,1,0
BRDA:5,5,0,0
BRDA:5,5,1,0
BRDA:5,5,2,0
BRDA:5,5,3,0
BRDA:5,5,4,0
BRDA:5,5,5,0
BRDA:5,5,6,0
BRF:30
BRH:0
end_of_record
TN:
SF:C:/Users/James/Desktop/Fast-Food-App/Fast-Food-App/src/UsingDB/db/index.js
FN:9,query
FN:13,(anonymous_1)
FN:15,(anonymous_2)
FN:18,(anonymous_3)
FNF:4
FNH:0
FNDA:0,query
FNDA:0,(anonymous_1)
FNDA:0,(anonymous_2)
FNDA:0,(anonymous_3)
DA:1,1
DA:2,1
DA:5,1
DA:7,1
DA:13,0
DA:14,0
DA:16,0
DA:19,0
LF:8
LH:4
BRF:0
BRH:0
end_of_record
TN:
SF:C:/Users/James/Desktop/Fast-Food-App/Fast-Food-App/src/UsingDB/middleware/Auth.js
FN:5,(anonymous_7)
FN:5,_callee
FNF:2
FNH:1
FNDA:1,(anonymous_7)
FNDA:0,_callee
DA:1,1
DA:2,1
DA:3,1
DA:5,2
DA:8,0
DA:13,0
DA:14,0
DA:15,0
DA:20,0
DA:21,0
LF:10
LH:4
BRDA:5,0,0,0
BRDA:5,0,1,0
BRDA:5,0,2,0
BRDA:5,0,3,0
BRDA:5,0,4,0
BRDA:5,0,5,0
BRDA:5,0,6,0
BRDA:5,0,7,0
BRDA:5,1,0,0
BRDA:5,1,1,0
BRF:10
BRH:0
end_of_record
